mode: set
final_project_easycash/controller/history_controller.go:17.61,19.50 2 0
final_project_easycash/controller/history_controller.go:19.50,22.3 2 0
final_project_easycash/controller/history_controller.go:24.2,25.16 2 0
final_project_easycash/controller/history_controller.go:25.16,28.3 2 0
final_project_easycash/controller/history_controller.go:30.2,30.30 1 0
final_project_easycash/controller/history_controller.go:34.65,36.50 2 0
final_project_easycash/controller/history_controller.go:36.50,39.3 2 0
final_project_easycash/controller/history_controller.go:41.2,42.16 2 0
final_project_easycash/controller/history_controller.go:42.16,45.3 2 0
final_project_easycash/controller/history_controller.go:47.2,48.16 2 0
final_project_easycash/controller/history_controller.go:48.16,51.3 2 0
final_project_easycash/controller/history_controller.go:53.2,53.30 1 0
final_project_easycash/controller/history_controller.go:57.58,59.50 2 0
final_project_easycash/controller/history_controller.go:59.50,62.3 2 0
final_project_easycash/controller/history_controller.go:64.2,67.16 3 0
final_project_easycash/controller/history_controller.go:67.16,70.3 2 0
final_project_easycash/controller/history_controller.go:72.2,72.30 1 0
final_project_easycash/controller/history_controller.go:75.60,77.50 2 0
final_project_easycash/controller/history_controller.go:77.50,80.3 2 0
final_project_easycash/controller/history_controller.go:82.2,83.16 2 0
final_project_easycash/controller/history_controller.go:83.16,86.3 2 0
final_project_easycash/controller/history_controller.go:88.2,89.16 2 0
final_project_easycash/controller/history_controller.go:89.16,92.3 2 0
final_project_easycash/controller/history_controller.go:94.2,95.16 2 0
final_project_easycash/controller/history_controller.go:95.16,98.3 2 0
final_project_easycash/controller/history_controller.go:100.2,100.30 1 0
final_project_easycash/controller/history_controller.go:103.72,109.2 2 0
final_project_easycash/middleware/auth.go:10.39,11.32 1 1
final_project_easycash/middleware/auth.go:11.32,14.24 2 1
final_project_easycash/middleware/auth.go:14.24,18.4 3 1
final_project_easycash/middleware/auth.go:20.3,20.84 1 1
final_project_easycash/middleware/auth.go:20.84,22.4 1 0
final_project_easycash/middleware/auth.go:24.3,24.33 1 1
final_project_easycash/middleware/auth.go:24.33,28.4 3 1
final_project_easycash/middleware/auth.go:30.3,33.13 3 0
final_project_easycash/repository/history_repo.go:23.79,28.16 4 1
final_project_easycash/repository/history_repo.go:28.16,30.3 1 1
final_project_easycash/repository/history_repo.go:31.2,33.18 2 1
final_project_easycash/repository/history_repo.go:33.18,37.17 3 1
final_project_easycash/repository/history_repo.go:37.17,39.4 1 0
final_project_easycash/repository/history_repo.go:41.3,41.45 1 1
final_project_easycash/repository/history_repo.go:44.2,44.25 1 1
final_project_easycash/repository/history_repo.go:47.109,52.16 4 1
final_project_easycash/repository/history_repo.go:52.16,54.3 1 1
final_project_easycash/repository/history_repo.go:55.2,57.18 2 1
final_project_easycash/repository/history_repo.go:57.18,61.17 3 1
final_project_easycash/repository/history_repo.go:61.17,63.4 1 0
final_project_easycash/repository/history_repo.go:65.3,65.45 1 1
final_project_easycash/repository/history_repo.go:68.2,68.25 1 1
final_project_easycash/repository/history_repo.go:71.102,76.16 4 1
final_project_easycash/repository/history_repo.go:76.16,78.3 1 1
final_project_easycash/repository/history_repo.go:79.2,81.18 2 1
final_project_easycash/repository/history_repo.go:81.18,85.17 3 1
final_project_easycash/repository/history_repo.go:85.17,87.4 1 0
final_project_easycash/repository/history_repo.go:89.3,89.45 1 1
final_project_easycash/repository/history_repo.go:92.2,92.25 1 1
final_project_easycash/repository/history_repo.go:95.117,100.16 4 1
final_project_easycash/repository/history_repo.go:100.16,102.3 1 1
final_project_easycash/repository/history_repo.go:103.2,105.18 2 1
final_project_easycash/repository/history_repo.go:105.18,109.17 3 1
final_project_easycash/repository/history_repo.go:109.17,111.4 1 0
final_project_easycash/repository/history_repo.go:113.3,113.45 1 1
final_project_easycash/repository/history_repo.go:116.2,116.25 1 1
final_project_easycash/repository/history_repo.go:119.46,123.2 3 1
final_project_easycash/usecase/history_usecase.go:19.79,21.2 1 1
final_project_easycash/usecase/history_usecase.go:23.109,25.2 1 1
final_project_easycash/usecase/history_usecase.go:27.102,29.2 1 1
final_project_easycash/usecase/history_usecase.go:31.117,33.2 1 1
final_project_easycash/usecase/history_usecase.go:35.75,39.2 1 1
final_project_easycash/utils/dotenv.go:10.32,11.46 1 0
final_project_easycash/utils/dotenv.go:11.46,13.3 1 0
final_project_easycash/utils/dotenv.go:15.2,15.23 1 0
final_project_easycash/utils/hashing.go:9.46,11.16 2 1
final_project_easycash/utils/hashing.go:11.16,13.3 1 0
final_project_easycash/utils/hashing.go:15.2,15.31 1 1
final_project_easycash/utils/validation.go:8.39,10.26 1 1
final_project_easycash/utils/validation.go:10.26,11.74 1 1
final_project_easycash/utils/validation.go:11.74,13.4 1 1
final_project_easycash/utils/validation.go:16.2,17.36 2 1
final_project_easycash/utils/validation.go:17.36,19.3 1 1
final_project_easycash/utils/validation.go:21.2,21.14 1 1
final_project_easycash/utils/validation.go:24.45,25.45 1 1
final_project_easycash/utils/validation.go:25.45,27.3 1 1
final_project_easycash/utils/validation.go:29.2,29.13 1 1
final_project_easycash/utils/validation.go:32.45,35.40 2 1
final_project_easycash/utils/validation.go:35.40,37.3 1 1
final_project_easycash/utils/validation.go:39.2,41.19 2 1
