mode: set
final_project_easycash/repository/history_repo.go:23.79,28.16 4 1
final_project_easycash/repository/history_repo.go:28.16,30.3 1 1
final_project_easycash/repository/history_repo.go:31.2,33.18 2 1
final_project_easycash/repository/history_repo.go:33.18,37.17 3 1
final_project_easycash/repository/history_repo.go:37.17,39.4 1 0
final_project_easycash/repository/history_repo.go:41.3,41.45 1 1
final_project_easycash/repository/history_repo.go:44.2,44.25 1 1
final_project_easycash/repository/history_repo.go:47.109,52.16 4 1
final_project_easycash/repository/history_repo.go:52.16,54.3 1 1
final_project_easycash/repository/history_repo.go:55.2,57.18 2 1
final_project_easycash/repository/history_repo.go:57.18,61.17 3 1
final_project_easycash/repository/history_repo.go:61.17,63.4 1 0
final_project_easycash/repository/history_repo.go:65.3,65.45 1 1
final_project_easycash/repository/history_repo.go:68.2,68.25 1 1
final_project_easycash/repository/history_repo.go:71.102,76.16 4 1
final_project_easycash/repository/history_repo.go:76.16,78.3 1 1
final_project_easycash/repository/history_repo.go:79.2,81.18 2 1
final_project_easycash/repository/history_repo.go:81.18,85.17 3 1
final_project_easycash/repository/history_repo.go:85.17,87.4 1 0
final_project_easycash/repository/history_repo.go:89.3,89.45 1 1
final_project_easycash/repository/history_repo.go:92.2,92.25 1 1
final_project_easycash/repository/history_repo.go:95.117,100.16 4 1
final_project_easycash/repository/history_repo.go:100.16,102.3 1 1
final_project_easycash/repository/history_repo.go:103.2,105.18 2 1
final_project_easycash/repository/history_repo.go:105.18,109.17 3 1
final_project_easycash/repository/history_repo.go:109.17,111.4 1 0
final_project_easycash/repository/history_repo.go:113.3,113.45 1 1
final_project_easycash/repository/history_repo.go:116.2,116.25 1 1
final_project_easycash/repository/history_repo.go:119.46,123.2 3 1
